<?xml version="1.0" encoding="UTF-8"?>
<!-- Generated by org.testng.reporters.JUnitXMLReporter -->
<testsuite hostname="DESKTOP-NIRUMNA" ignored="0" name="listenerTest" tests="3" failures="0" timestamp="2022-05-05T15:45:48 MST" time="39.252" errors="0">
  <testcase name="test1" time="17.337" classname="listeners.TestListeners"/>
  <testcase name="test1" time="14.153" classname="listeners.TestListeners"/>
  <testcase name="test2" time="0.915" classname="listeners.TestListeners"/>
</testsuite> <!-- listenerTest -->
