<?xml version="1.0" encoding="UTF-8"?>
<!-- Generated by org.testng.reporters.JUnitXMLReporter -->
<testsuite hostname="DESKTOP-NIRUMNA" ignored="0" name="listenerTest" tests="3" failures="0" timestamp="2022-05-05T16:46:40 MST" time="34.713" errors="0">
  <testcase name="test1" time="14.246" classname="listeners.TestListeners"/>
  <testcase name="test1" time="13.311" classname="listeners.TestListeners"/>
  <testcase name="test2" time="0.829" classname="listeners.TestListeners"/>
</testsuite> <!-- listenerTest -->
