<?xml version="1.0" encoding="UTF-8"?>
<testng-results skipped="0" failed="0" ignored="0" total="3" passed="3">
  <reporter-output>
    <line>
      <![CDATA[ started]]>
    </line>
    <line>
      <![CDATA[TestListeners passed]]>
    </line>
    <line>
      <![CDATA[ started]]>
    </line>
    <line>
      <![CDATA[TestListeners passed]]>
    </line>
    <line>
      <![CDATA[ started]]>
    </line>
    <line>
      <![CDATA[TestListeners passed]]>
    </line>
  </reporter-output>
  <suite name="TestNGSuiteListeners" duration-ms="34713" started-at="2022-05-05T16:46:06 MST" finished-at="2022-05-05T16:46:40 MST">
    <groups>
    </groups>
    <test name="listenerTest" duration-ms="34713" started-at="2022-05-05T16:46:06 MST" finished-at="2022-05-05T16:46:40 MST">
      <class name="listeners.TestListeners">
        <test-method status="PASS" signature="extentSetup(org.testng.ITestContext)[pri:0, instance:listeners.TestListeners@7fc229ab]" name="extentSetup" is-config="true" duration-ms="67" started-at="2022-05-05T16:46:06 MST" finished-at="2022-05-05T16:46:06 MST">
          <params>
            <param index="0">
              <value>
                <![CDATA[org.testng.TestRunner@1c98290c]]>
              </value>
            </param>
          </params>
          <reporter-output>
          </reporter-output>
        </test-method> <!-- extentSetup -->
        <test-method status="PASS" signature="driverSetup(java.lang.String,java.lang.String)[pri:0, instance:listeners.TestListeners@7fc229ab]" name="driverSetup" is-config="true" duration-ms="1730" started-at="2022-05-05T16:46:06 MST" finished-at="2022-05-05T16:46:07 MST">
          <params>
            <param index="0">
              <value>
                <![CDATA[webdriver.chrome.driver]]>
              </value>
            </param>
            <param index="1">
              <value>
                <![CDATA[C:\\Users\\wormi\\IdeaProjects\\MAproject\\src\\driver\\chromedriver.exe]]>
              </value>
            </param>
          </params>
          <reporter-output>
          </reporter-output>
        </test-method> <!-- driverSetup -->
        <test-method status="PASS" signature="startExtent(java.lang.reflect.Method)[pri:0, instance:listeners.TestListeners@7fc229ab]" name="startExtent" is-config="true" duration-ms="3" started-at="2022-05-05T16:46:07 MST" finished-at="2022-05-05T16:46:07 MST">
          <params>
            <param index="0">
              <value>
                <![CDATA[public void listeners.TestListeners.test1(java.lang.String,java.lang.String)]]>
              </value>
            </param>
          </params>
          <reporter-output>
          </reporter-output>
        </test-method> <!-- startExtent -->
        <test-method status="PASS" signature="test1(java.lang.String,java.lang.String)[pri:0, instance:listeners.TestListeners@7fc229ab]" name="test1" duration-ms="14246" started-at="2022-05-05T16:46:07 MST" data-provider="accounts" finished-at="2022-05-05T16:46:22 MST">
          <params>
            <param index="0">
              <value>
                <![CDATA[hello]]>
              </value>
            </param>
            <param index="1">
              <value>
                <![CDATA[hello]]>
              </value>
            </param>
          </params>
          <reporter-output>
            <line>
              <![CDATA[ started]]>
            </line>
            <line>
              <![CDATA[TestListeners passed]]>
            </line>
          </reporter-output>
        </test-method> <!-- test1 -->
        <test-method status="PASS" signature="afterEachMethod(org.testng.ITestResult)[pri:0, instance:listeners.TestListeners@7fc229ab]" name="afterEachMethod" is-config="true" duration-ms="189" started-at="2022-05-05T16:46:22 MST" finished-at="2022-05-05T16:46:22 MST">
          <params>
            <param index="0">
              <value>
                <![CDATA[[TestResult name=test1 status=SUCCESS method=TestListeners.test1(java.lang.String,java.lang.String)[pri:0, instance:listeners.TestListeners@7fc229ab] output= started]]]>
              </value>
            </param>
          </params>
          <reporter-output>
          </reporter-output>
        </test-method> <!-- afterEachMethod -->
        <test-method status="PASS" signature="burnDown()[pri:0, instance:listeners.TestListeners@7fc229ab]" name="burnDown" is-config="true" duration-ms="609" started-at="2022-05-05T16:46:22 MST" finished-at="2022-05-05T16:46:23 MST">
          <reporter-output>
          </reporter-output>
        </test-method> <!-- burnDown -->
        <test-method status="PASS" signature="driverSetup(java.lang.String,java.lang.String)[pri:0, instance:listeners.TestListeners@7fc229ab]" name="driverSetup" is-config="true" duration-ms="1373" started-at="2022-05-05T16:46:23 MST" finished-at="2022-05-05T16:46:24 MST">
          <params>
            <param index="0">
              <value>
                <![CDATA[webdriver.chrome.driver]]>
              </value>
            </param>
            <param index="1">
              <value>
                <![CDATA[C:\\Users\\wormi\\IdeaProjects\\MAproject\\src\\driver\\chromedriver.exe]]>
              </value>
            </param>
          </params>
          <reporter-output>
          </reporter-output>
        </test-method> <!-- driverSetup -->
        <test-method status="PASS" signature="startExtent(java.lang.reflect.Method)[pri:0, instance:listeners.TestListeners@7fc229ab]" name="startExtent" is-config="true" duration-ms="1" started-at="2022-05-05T16:46:24 MST" finished-at="2022-05-05T16:46:24 MST">
          <params>
            <param index="0">
              <value>
                <![CDATA[public void listeners.TestListeners.test1(java.lang.String,java.lang.String)]]>
              </value>
            </param>
          </params>
          <reporter-output>
          </reporter-output>
        </test-method> <!-- startExtent -->
        <test-method status="PASS" signature="test1(java.lang.String,java.lang.String)[pri:0, instance:listeners.TestListeners@7fc229ab]" name="test1" duration-ms="13311" started-at="2022-05-05T16:46:24 MST" data-provider="accounts" finished-at="2022-05-05T16:46:37 MST">
          <params>
            <param index="0">
              <value>
                <![CDATA[buy]]>
              </value>
            </param>
            <param index="1">
              <value>
                <![CDATA[buy]]>
              </value>
            </param>
          </params>
          <reporter-output>
            <line>
              <![CDATA[ started]]>
            </line>
            <line>
              <![CDATA[TestListeners passed]]>
            </line>
          </reporter-output>
        </test-method> <!-- test1 -->
        <test-method status="PASS" signature="afterEachMethod(org.testng.ITestResult)[pri:0, instance:listeners.TestListeners@7fc229ab]" name="afterEachMethod" is-config="true" duration-ms="41" started-at="2022-05-05T16:46:37 MST" finished-at="2022-05-05T16:46:37 MST">
          <params>
            <param index="0">
              <value>
                <![CDATA[[TestResult name=test1 status=SUCCESS method=TestListeners.test1(java.lang.String,java.lang.String)[pri:0, instance:listeners.TestListeners@7fc229ab] output= started]]]>
              </value>
            </param>
          </params>
          <reporter-output>
          </reporter-output>
        </test-method> <!-- afterEachMethod -->
        <test-method status="PASS" signature="burnDown()[pri:0, instance:listeners.TestListeners@7fc229ab]" name="burnDown" is-config="true" duration-ms="644" started-at="2022-05-05T16:46:37 MST" finished-at="2022-05-05T16:46:38 MST">
          <reporter-output>
          </reporter-output>
        </test-method> <!-- burnDown -->
        <test-method status="PASS" signature="driverSetup(java.lang.String,java.lang.String)[pri:0, instance:listeners.TestListeners@7fc229ab]" name="driverSetup" is-config="true" duration-ms="1119" started-at="2022-05-05T16:46:38 MST" finished-at="2022-05-05T16:46:39 MST">
          <params>
            <param index="0">
              <value>
                <![CDATA[webdriver.chrome.driver]]>
              </value>
            </param>
            <param index="1">
              <value>
                <![CDATA[C:\\Users\\wormi\\IdeaProjects\\MAproject\\src\\driver\\chromedriver.exe]]>
              </value>
            </param>
          </params>
          <reporter-output>
          </reporter-output>
        </test-method> <!-- driverSetup -->
        <test-method status="PASS" signature="startExtent(java.lang.reflect.Method)[pri:0, instance:listeners.TestListeners@7fc229ab]" name="startExtent" is-config="true" duration-ms="0" started-at="2022-05-05T16:46:39 MST" finished-at="2022-05-05T16:46:39 MST">
          <params>
            <param index="0">
              <value>
                <![CDATA[public void listeners.TestListeners.test2()]]>
              </value>
            </param>
          </params>
          <reporter-output>
          </reporter-output>
        </test-method> <!-- startExtent -->
        <test-method status="PASS" signature="test2()[pri:0, instance:listeners.TestListeners@7fc229ab]" name="test2" duration-ms="829" started-at="2022-05-05T16:46:39 MST" finished-at="2022-05-05T16:46:40 MST">
          <reporter-output>
            <line>
              <![CDATA[ started]]>
            </line>
            <line>
              <![CDATA[TestListeners passed]]>
            </line>
          </reporter-output>
        </test-method> <!-- test2 -->
        <test-method status="PASS" signature="afterEachMethod(org.testng.ITestResult)[pri:0, instance:listeners.TestListeners@7fc229ab]" name="afterEachMethod" is-config="true" duration-ms="20" started-at="2022-05-05T16:46:40 MST" finished-at="2022-05-05T16:46:40 MST">
          <params>
            <param index="0">
              <value>
                <![CDATA[[TestResult name=test2 status=SUCCESS method=TestListeners.test2()[pri:0, instance:listeners.TestListeners@7fc229ab] output= started]]]>
              </value>
            </param>
          </params>
          <reporter-output>
          </reporter-output>
        </test-method> <!-- afterEachMethod -->
        <test-method status="PASS" signature="burnDown()[pri:0, instance:listeners.TestListeners@7fc229ab]" name="burnDown" is-config="true" duration-ms="576" started-at="2022-05-05T16:46:40 MST" finished-at="2022-05-05T16:46:40 MST">
          <reporter-output>
          </reporter-output>
        </test-method> <!-- burnDown -->
        <test-method status="PASS" signature="generateReport()[pri:0, instance:listeners.TestListeners@7fc229ab]" name="generateReport" is-config="true" duration-ms="20" started-at="2022-05-05T16:46:40 MST" finished-at="2022-05-05T16:46:40 MST">
          <reporter-output>
          </reporter-output>
        </test-method> <!-- generateReport -->
      </class> <!-- listeners.TestListeners -->
    </test> <!-- listenerTest -->
  </suite> <!-- TestNGSuiteListeners -->
</testng-results>
