<?xml version="1.0" encoding="UTF-8"?>
<testsuite xmlns:xsi="http://www.w3.org/2001/XMLSchema-instance" xsi:noNamespaceSchemaLocation="https://maven.apache.org/surefire/maven-surefire-plugin/xsd/surefire-test-report.xsd" name="TestSuite" time="35.556" tests="3" errors="0" skipped="0" failures="0">
  <properties>
[...]
</properties>
  <testcase name="test1" classname="listeners.TestListeners" time="14.246"/>
  <testcase name="test1" classname="listeners.TestListeners" time="13.312"/>
  <testcase name="test2" classname="listeners.TestListeners" time="0.829"/>
</testsuite>