<?xml version="1.0" encoding="UTF-8"?>
<testng-results skipped="0" failed="0" ignored="0" total="3" passed="3">
  <reporter-output>
    <line>
      <![CDATA[ started]]>
    </line>
    <line>
      <![CDATA[TestListeners passed]]>
    </line>
    <line>
      <![CDATA[ started]]>
    </line>
    <line>
      <![CDATA[TestListeners passed]]>
    </line>
    <line>
      <![CDATA[ started]]>
    </line>
    <line>
      <![CDATA[TestListeners passed]]>
    </line>
  </reporter-output>
  <suite name="TestNGSuiteListeners" duration-ms="39252" started-at="2022-05-05T15:45:08 MST" finished-at="2022-05-05T15:45:48 MST">
    <groups>
    </groups>
    <test name="listenerTest" duration-ms="39252" started-at="2022-05-05T15:45:08 MST" finished-at="2022-05-05T15:45:48 MST">
      <class name="listeners.TestListeners">
        <test-method status="PASS" signature="extentSetup(org.testng.ITestContext)[pri:0, instance:listeners.TestListeners@7fc229ab]" name="extentSetup" is-config="true" duration-ms="82" started-at="2022-05-05T15:45:08 MST" finished-at="2022-05-05T15:45:08 MST">
          <params>
            <param index="0">
              <value>
                <![CDATA[org.testng.TestRunner@1c98290c]]>
              </value>
            </param>
          </params>
          <reporter-output>
          </reporter-output>
        </test-method> <!-- extentSetup -->
        <test-method status="PASS" signature="driverSetup(java.lang.String,java.lang.String)[pri:0, instance:listeners.TestListeners@7fc229ab]" name="driverSetup" is-config="true" duration-ms="2631" started-at="2022-05-05T15:45:08 MST" finished-at="2022-05-05T15:45:11 MST">
          <params>
            <param index="0">
              <value>
                <![CDATA[webdriver.chrome.driver]]>
              </value>
            </param>
            <param index="1">
              <value>
                <![CDATA[C:\\Users\\wormi\\IdeaProjects\\MAproject\\src\\driver\\chromedriver.exe]]>
              </value>
            </param>
          </params>
          <reporter-output>
          </reporter-output>
        </test-method> <!-- driverSetup -->
        <test-method status="PASS" signature="startExtent(java.lang.reflect.Method)[pri:0, instance:listeners.TestListeners@7fc229ab]" name="startExtent" is-config="true" duration-ms="4" started-at="2022-05-05T15:45:11 MST" finished-at="2022-05-05T15:45:11 MST">
          <params>
            <param index="0">
              <value>
                <![CDATA[public void listeners.TestListeners.test1(java.lang.String,java.lang.String)]]>
              </value>
            </param>
          </params>
          <reporter-output>
          </reporter-output>
        </test-method> <!-- startExtent -->
        <test-method status="PASS" signature="test1(java.lang.String,java.lang.String)[pri:0, instance:listeners.TestListeners@7fc229ab]" name="test1" duration-ms="17337" started-at="2022-05-05T15:45:11 MST" data-provider="accounts" finished-at="2022-05-05T15:45:28 MST">
          <params>
            <param index="0">
              <value>
                <![CDATA[hello]]>
              </value>
            </param>
            <param index="1">
              <value>
                <![CDATA[hello]]>
              </value>
            </param>
          </params>
          <reporter-output>
            <line>
              <![CDATA[ started]]>
            </line>
            <line>
              <![CDATA[TestListeners passed]]>
            </line>
          </reporter-output>
        </test-method> <!-- test1 -->
        <test-method status="PASS" signature="afterEachMethod(org.testng.ITestResult)[pri:0, instance:listeners.TestListeners@7fc229ab]" name="afterEachMethod" is-config="true" duration-ms="177" started-at="2022-05-05T15:45:28 MST" finished-at="2022-05-05T15:45:29 MST">
          <params>
            <param index="0">
              <value>
                <![CDATA[[TestResult name=test1 status=SUCCESS method=TestListeners.test1(java.lang.String,java.lang.String)[pri:0, instance:listeners.TestListeners@7fc229ab] output= started]]]>
              </value>
            </param>
          </params>
          <reporter-output>
          </reporter-output>
        </test-method> <!-- afterEachMethod -->
        <test-method status="PASS" signature="burnDown()[pri:0, instance:listeners.TestListeners@7fc229ab]" name="burnDown" is-config="true" duration-ms="597" started-at="2022-05-05T15:45:29 MST" finished-at="2022-05-05T15:45:29 MST">
          <reporter-output>
          </reporter-output>
        </test-method> <!-- burnDown -->
        <test-method status="PASS" signature="driverSetup(java.lang.String,java.lang.String)[pri:0, instance:listeners.TestListeners@7fc229ab]" name="driverSetup" is-config="true" duration-ms="1079" started-at="2022-05-05T15:45:29 MST" finished-at="2022-05-05T15:45:30 MST">
          <params>
            <param index="0">
              <value>
                <![CDATA[webdriver.chrome.driver]]>
              </value>
            </param>
            <param index="1">
              <value>
                <![CDATA[C:\\Users\\wormi\\IdeaProjects\\MAproject\\src\\driver\\chromedriver.exe]]>
              </value>
            </param>
          </params>
          <reporter-output>
          </reporter-output>
        </test-method> <!-- driverSetup -->
        <test-method status="PASS" signature="test1(java.lang.String,java.lang.String)[pri:0, instance:listeners.TestListeners@7fc229ab]" name="test1" duration-ms="14153" started-at="2022-05-05T15:45:30 MST" data-provider="accounts" finished-at="2022-05-05T15:45:44 MST">
          <params>
            <param index="0">
              <value>
                <![CDATA[buy]]>
              </value>
            </param>
            <param index="1">
              <value>
                <![CDATA[buy]]>
              </value>
            </param>
          </params>
          <reporter-output>
            <line>
              <![CDATA[ started]]>
            </line>
            <line>
              <![CDATA[TestListeners passed]]>
            </line>
          </reporter-output>
        </test-method> <!-- test1 -->
        <test-method status="PASS" signature="startExtent(java.lang.reflect.Method)[pri:0, instance:listeners.TestListeners@7fc229ab]" name="startExtent" is-config="true" duration-ms="0" started-at="2022-05-05T15:45:30 MST" finished-at="2022-05-05T15:45:30 MST">
          <params>
            <param index="0">
              <value>
                <![CDATA[public void listeners.TestListeners.test1(java.lang.String,java.lang.String)]]>
              </value>
            </param>
          </params>
          <reporter-output>
          </reporter-output>
        </test-method> <!-- startExtent -->
        <test-method status="PASS" signature="afterEachMethod(org.testng.ITestResult)[pri:0, instance:listeners.TestListeners@7fc229ab]" name="afterEachMethod" is-config="true" duration-ms="30" started-at="2022-05-05T15:45:44 MST" finished-at="2022-05-05T15:45:44 MST">
          <params>
            <param index="0">
              <value>
                <![CDATA[[TestResult name=test1 status=SUCCESS method=TestListeners.test1(java.lang.String,java.lang.String)[pri:0, instance:listeners.TestListeners@7fc229ab] output= started]]]>
              </value>
            </param>
          </params>
          <reporter-output>
          </reporter-output>
        </test-method> <!-- afterEachMethod -->
        <test-method status="PASS" signature="burnDown()[pri:0, instance:listeners.TestListeners@7fc229ab]" name="burnDown" is-config="true" duration-ms="605" started-at="2022-05-05T15:45:44 MST" finished-at="2022-05-05T15:45:45 MST">
          <reporter-output>
          </reporter-output>
        </test-method> <!-- burnDown -->
        <test-method status="PASS" signature="driverSetup(java.lang.String,java.lang.String)[pri:0, instance:listeners.TestListeners@7fc229ab]" name="driverSetup" is-config="true" duration-ms="1084" started-at="2022-05-05T15:45:45 MST" finished-at="2022-05-05T15:45:46 MST">
          <params>
            <param index="0">
              <value>
                <![CDATA[webdriver.chrome.driver]]>
              </value>
            </param>
            <param index="1">
              <value>
                <![CDATA[C:\\Users\\wormi\\IdeaProjects\\MAproject\\src\\driver\\chromedriver.exe]]>
              </value>
            </param>
          </params>
          <reporter-output>
          </reporter-output>
        </test-method> <!-- driverSetup -->
        <test-method status="PASS" signature="startExtent(java.lang.reflect.Method)[pri:0, instance:listeners.TestListeners@7fc229ab]" name="startExtent" is-config="true" duration-ms="0" started-at="2022-05-05T15:45:46 MST" finished-at="2022-05-05T15:45:46 MST">
          <params>
            <param index="0">
              <value>
                <![CDATA[public void listeners.TestListeners.test2()]]>
              </value>
            </param>
          </params>
          <reporter-output>
          </reporter-output>
        </test-method> <!-- startExtent -->
        <test-method status="PASS" signature="test2()[pri:0, instance:listeners.TestListeners@7fc229ab]" name="test2" duration-ms="915" started-at="2022-05-05T15:45:46 MST" finished-at="2022-05-05T15:45:47 MST">
          <reporter-output>
            <line>
              <![CDATA[ started]]>
            </line>
            <line>
              <![CDATA[TestListeners passed]]>
            </line>
          </reporter-output>
        </test-method> <!-- test2 -->
        <test-method status="PASS" signature="afterEachMethod(org.testng.ITestResult)[pri:0, instance:listeners.TestListeners@7fc229ab]" name="afterEachMethod" is-config="true" duration-ms="30" started-at="2022-05-05T15:45:47 MST" finished-at="2022-05-05T15:45:47 MST">
          <params>
            <param index="0">
              <value>
                <![CDATA[[TestResult name=test2 status=SUCCESS method=TestListeners.test2()[pri:0, instance:listeners.TestListeners@7fc229ab] output= started]]]>
              </value>
            </param>
          </params>
          <reporter-output>
          </reporter-output>
        </test-method> <!-- afterEachMethod -->
        <test-method status="PASS" signature="burnDown()[pri:0, instance:listeners.TestListeners@7fc229ab]" name="burnDown" is-config="true" duration-ms="583" started-at="2022-05-05T15:45:47 MST" finished-at="2022-05-05T15:45:48 MST">
          <reporter-output>
          </reporter-output>
        </test-method> <!-- burnDown -->
        <test-method status="PASS" signature="generateReport()[pri:0, instance:listeners.TestListeners@7fc229ab]" name="generateReport" is-config="true" duration-ms="23" started-at="2022-05-05T15:45:48 MST" finished-at="2022-05-05T15:45:48 MST">
          <reporter-output>
          </reporter-output>
        </test-method> <!-- generateReport -->
      </class> <!-- listeners.TestListeners -->
    </test> <!-- listenerTest -->
  </suite> <!-- TestNGSuiteListeners -->
</testng-results>
